<?xml version="1.0" encoding="UTF-8"?>
<!-- Generated by org.testng.reporters.JUnitXMLReporter -->
<testsuite ignored="0" hostname="ANUMITAKAUSHAL" failures="0" tests="3" name="Default test" time="74.953" errors="0" timestamp="2020-11-24T13:21:30 EST">
  <testcase classname="com.automation.tests.UserRegistrationTests.VerifyUserRegistrationTests" name="LandOnWebsite" time="7.667"/>
  <testcase classname="com.automation.tests.UserRegistrationTests.VerifyUserRegistrationTests" name="VerifyUserRegistration" time="67.154"/>
  <testcase classname="com.automation.tests.UserRegistrationTests.VerifyUserRegistrationTests" name="LandOnNextPage" time="0.016"/>
</testsuite> <!-- Default test -->
