<?xml version="1.0" encoding="UTF-8"?>
<!-- Generated by org.testng.reporters.JUnitXMLReporter -->
<testsuite hostname="ANUMITAKAUSHAL" ignored="1" name="Verify User Registration Functionality" tests="2" failures="0" timestamp="2020-12-25T23:17:25 EST" time="7.233" errors="0">
  <testcase name="LandOnWebsite" time="6.584" classname="com.automation.tests.UserRegistrationTests.VerifyUserRegistrationTests"/>
  <testcase name="VerifyUserRegistration" time="0.0" classname="com.automation.tests.UserRegistrationTests.VerifyUserRegistrationTests">
    <skipped/>
  </testcase> <!-- VerifyUserRegistration -->
  <testcase name="LandOnNextPage" time="0.0" classname="com.automation.tests.UserRegistrationTests.VerifyUserRegistrationTests">
    <ignored/>
  </testcase> <!-- LandOnNextPage -->
</testsuite> <!-- Verify User Registration Functionality -->
